<?xml version="1.0" encoding="UTF-8"?>
<!-- Generated by org.testng.reporters.JUnitReportReporter -->
<testsuite skipped="0" hostname="DESKTOP-KSVQPUC" name="Testcases.TestSignUpAnAccount" tests="1" failures="0" timestamp="26 Jan 2018 15:49:55 GMT" time="2.774" errors="0">
  <testcase name="signUpNewAccount" time="2.774" classname="Testcases.TestSignUpAnAccount"/>
</testsuite> <!-- Testcases.TestSignUpAnAccount -->
