<?xml version="1.0" encoding="UTF-8"?>
<!-- Generated by org.testng.reporters.JUnitReportReporter -->
<testsuite skipped="0" hostname="DESKTOP-KSVQPUC" name="Testcases.TC01_TestLogin" tests="1" failures="0" timestamp="27 Jan 2018 08:46:41 GMT" time="3.985" errors="0">
  <testcase name="loginToAccount" time="3.985" classname="Testcases.TC01_TestLogin"/>
</testsuite> <!-- Testcases.TC01_TestLogin -->
