<?xml version="1.0" encoding="UTF-8"?>
<!-- Generated by org.testng.reporters.JUnitReportReporter -->
<testsuite skipped="0" hostname="DESKTOP-KSVQPUC" name="Testcases.TestSignUpAnAccount" tests="1" failures="0" timestamp="27 Jan 2018 02:51:35 GMT" time="9.992" errors="0">
  <testcase name="signUpNewAccount" time="9.992" classname="Testcases.TestSignUpAnAccount"/>
</testsuite> <!-- Testcases.TestSignUpAnAccount -->
