<?xml version="1.0" encoding="UTF-8"?>
<!-- Generated by org.testng.reporters.JUnitReportReporter -->
<testsuite skipped="0" hostname="DESKTOP-KSVQPUC" name="Testcases.TC04_SearchProduct" tests="1" failures="0" timestamp="27 Jan 2018 22:54:42 GMT" time="2.976" errors="0">
  <testcase name="searchAProduct" time="2.976" classname="Testcases.TC04_SearchProduct"/>
</testsuite> <!-- Testcases.TC04_SearchProduct -->
