<?xml version="1.0" encoding="UTF-8"?>
<!-- Generated by org.testng.reporters.JUnitReportReporter -->
<testsuite skipped="0" hostname="DESKTOP-KSVQPUC" name="Testcases.TC02_TestSendARequest" tests="1" failures="0" timestamp="27 Jan 2018 13:44:14 GMT" time="4.413" errors="0">
  <testcase name="sendARequest" time="4.413" classname="Testcases.TC02_TestSendARequest"/>
</testsuite> <!-- Testcases.TC02_TestSendARequest -->
