<?xml version="1.0" encoding="UTF-8"?>
<!-- Generated by org.testng.reporters.JUnitReportReporter -->
<testsuite skipped="0" hostname="DESKTOP-KSVQPUC" name="Testcases.TestSendARequest" tests="1" failures="0" timestamp="26 Jan 2018 14:43:22 GMT" time="3.915" errors="0">
  <testcase name="sendARequest" time="3.915" classname="Testcases.TestSendARequest"/>
</testsuite> <!-- Testcases.TestSendARequest -->
