<?xml version="1.0" encoding="UTF-8"?>
<!-- Generated by org.testng.reporters.JUnitReportReporter -->
<testsuite skipped="0" hostname="DESKTOP-KSVQPUC" name="Testcases.TestLogin" tests="1" failures="0" timestamp="27 Jan 2018 03:02:00 GMT" time="4.031" errors="0">
  <testcase name="loginToAccount" time="4.031" classname="Testcases.TestLogin"/>
</testsuite> <!-- Testcases.TestLogin -->
