<?xml version="1.0" encoding="UTF-8"?>
<!-- Generated by org.testng.reporters.JUnitReportReporter -->
<testsuite skipped="0" hostname="DESKTOP-KSVQPUC" name="Testcases.TC03_TestSignUpAnAccount" tests="1" failures="0" timestamp="27 Jan 2018 17:50:54 GMT" time="15.494" errors="0">
  <testcase name="signUpNewAccount" time="15.494" classname="Testcases.TC03_TestSignUpAnAccount"/>
</testsuite> <!-- Testcases.TC03_TestSignUpAnAccount -->
