<?xml version="1.0" encoding="UTF-8"?>
<!-- Generated by org.testng.reporters.JUnitReportReporter -->
<testsuite skipped="0" hostname="DESKTOP-KSVQPUC" name="Testcases.TC04_SearchProduct" tests="1" failures="0" timestamp="28 Jan 2018 04:44:37 GMT" time="3.600" errors="0">
  <testcase name="searchAProduct" time="3.600" classname="Testcases.TC04_SearchProduct"/>
</testsuite> <!-- Testcases.TC04_SearchProduct -->
